<?xml version="1.0" encoding="UTF-8"?>
<!-- Generated by org.testng.reporters.JUnitReportReporter -->
<testsuite hostname="Subhadip" failures="0" tests="1" name="testCases.TC001_AccountRegistrationTest" time="3.174" errors="0" timestamp="2024-12-30T11:43:16 IST" skipped="0">
  <testcase classname="testCases.TC001_AccountRegistrationTest" name="verfiy_account_registration" time="3.174"/>
</testsuite> <!-- testCases.TC001_AccountRegistrationTest -->
