<?xml version="1.0" encoding="UTF-8"?>
<!-- Generated by org.testng.reporters.JUnitReportReporter -->
<testsuite hostname="Subhadip" failures="0" tests="1" name="testCases.TC005_SearchUserProduct" time="1.248" errors="0" timestamp="2025-01-16T14:39:41 IST" skipped="0">
  <testcase classname="testCases.TC005_SearchUserProduct" name="validate_SearchUserProduct" time="1.248"/>
</testsuite> <!-- testCases.TC005_SearchUserProduct -->
