<?xml version="1.0" encoding="UTF-8"?>
<!-- Generated by org.testng.reporters.JUnitReportReporter -->
<testsuite hostname="Subhadip" failures="0" tests="1" name="testCases.TC002_AccountRegistrationDiffPasswordTest" time="2.887" errors="0" timestamp="2024-12-30T11:43:16 IST" skipped="0">
  <testcase classname="testCases.TC002_AccountRegistrationDiffPasswordTest" name="validate_incorrect_password_message" time="2.887"/>
</testsuite> <!-- testCases.TC002_AccountRegistrationDiffPasswordTest -->
