<?xml version="1.0" encoding="UTF-8"?>
<!-- Generated by org.testng.reporters.JUnitReportReporter -->
<testsuite hostname="Subhadip" failures="0" tests="1" name="testCases.TC005_SearchUserProduct" time="0.818" errors="0" timestamp="2024-12-28T22:16:32 IST" skipped="0">
  <testcase classname="testCases.TC005_SearchUserProduct" name="validate_SearchUserProduct" time="0.818"/>
</testsuite> <!-- testCases.TC005_SearchUserProduct -->
