<?xml version="1.0" encoding="UTF-8"?>
<!-- Generated by org.testng.reporters.JUnitReportReporter -->
<testsuite hostname="Subhadip" failures="0" tests="1" name="testCases.TC001_AccountRegistrationTest" time="4.520" errors="0" timestamp="2024-12-27T22:08:03 IST" skipped="0">
  <testcase classname="testCases.TC001_AccountRegistrationTest" name="verfiy_account_registration" time="4.520"/>
</testsuite> <!-- testCases.TC001_AccountRegistrationTest -->
