<?xml version="1.0" encoding="UTF-8"?>
<!-- Generated by org.testng.reporters.JUnitReportReporter -->
<testsuite hostname="Subhadip" failures="0" tests="1" name="testCases.TC003_ValidUserLoginTest" time="1.334" errors="0" timestamp="2024-12-30T11:41:20 IST" skipped="0">
  <testcase classname="testCases.TC003_ValidUserLoginTest" name="validate_valid_user_credentials" time="1.334"/>
</testsuite> <!-- testCases.TC003_ValidUserLoginTest -->
